22:13:40:395  INFO 6596 --- [main] c.m.lingo.search.LingoSearchApplication  : The following 1 profile is active: "dev"
22:13:40:754  INFO 6596 --- [main] o.s.cloud.context.scope.GenericScope     : BeanFactory id=028f0c3c-9ff3-3caa-a400-a869910224e0
22:13:40:912  INFO 6596 --- [main] o.s.b.w.embedded.tomcat.TomcatWebServer  : Tomcat initialized with port(s): 8080 (http)
22:13:40:920  INFO 6596 --- [main] o.apache.catalina.core.StandardService   : Starting service [Tomcat]
22:13:40:920  INFO 6596 --- [main] org.apache.catalina.core.StandardEngine  : Starting Servlet engine: [Apache Tomcat/9.0.75]
22:13:40:987  INFO 6596 --- [main] o.a.c.c.C.[Tomcat].[localhost].[/]       : Initializing Spring embedded WebApplicationContext
22:13:40:987  INFO 6596 --- [main] w.s.c.ServletWebServerApplicationContext : Root WebApplicationContext: initialization completed in 575 ms
22:13:41:950  INFO 6596 --- [main] com.alibaba.nacos.common.remote.client   : [RpcClientFactory] create a new rpc client of 5c02cb10-e4f7-4828-8397-885523d09ba3
22:13:41:950  INFO 6596 --- [main] com.alibaba.nacos.common.remote.client   : [5c02cb10-e4f7-4828-8397-885523d09ba3] RpcClient init label, labels = {module=naming, source=sdk}
22:13:41:952  INFO 6596 --- [main] com.alibaba.nacos.common.remote.client   : [5c02cb10-e4f7-4828-8397-885523d09ba3] RpcClient init, ServerListFactory = com.alibaba.nacos.client.naming.core.ServerListManager
22:13:41:954  INFO 6596 --- [main] com.alibaba.nacos.common.remote.client   : [5c02cb10-e4f7-4828-8397-885523d09ba3] Registry connection listener to current client:com.alibaba.nacos.client.naming.remote.gprc.redo.NamingGrpcRedoService
22:13:41:954  INFO 6596 --- [main] com.alibaba.nacos.common.remote.client   : [5c02cb10-e4f7-4828-8397-885523d09ba3] Register server push request handler:com.alibaba.nacos.client.naming.remote.gprc.NamingPushRequestHandler
22:13:41:954  INFO 6596 --- [main] com.alibaba.nacos.common.remote.client   : [5c02cb10-e4f7-4828-8397-885523d09ba3] Try to connect to server on start up, server: {serverIp = '192.168.10.100', server main port = 8848}
22:13:42:082  INFO 6596 --- [main] com.alibaba.nacos.common.remote.client   : [5c02cb10-e4f7-4828-8397-885523d09ba3] Success to connect to server [192.168.10.100:8848] on start up, connectionId = 1709907221964_192.168.10.1_57940
22:13:42:082  INFO 6596 --- [main] com.alibaba.nacos.common.remote.client   : [5c02cb10-e4f7-4828-8397-885523d09ba3] Register server push request handler:com.alibaba.nacos.common.remote.client.RpcClient$ConnectResetRequestHandler
22:13:42:082  INFO 6596 --- [com.alibaba.nacos.client.remote.worker] com.alibaba.nacos.common.remote.client   : [5c02cb10-e4f7-4828-8397-885523d09ba3] Notify connected event to listeners.
22:13:42:084  INFO 6596 --- [main] com.alibaba.nacos.common.remote.client   : [5c02cb10-e4f7-4828-8397-885523d09ba3] Register server push request handler:com.alibaba.nacos.common.remote.client.RpcClient$$Lambda$474/0x0000000800fc23f8
22:13:42:152  INFO 6596 --- [main] o.s.b.w.embedded.tomcat.TomcatWebServer  : Tomcat started on port(s): 8080 (http) with context path ''
22:13:42:166  INFO 6596 --- [main] c.a.c.n.registry.NacosServiceRegistry    : nacos registry, DEFAULT_GROUP lingo-search 192.168.33.1:8080 register finished
22:13:42:510  INFO 6596 --- [main] c.m.lingo.search.LingoSearchApplication  : Started LingoSearchApplication in 4.959 seconds (JVM running for 6.125)
22:13:42:512  INFO 6596 --- [main] c.a.c.n.refresh.NacosContextRefresher    : [Nacos Config] Listening config: dataId=lingo-search.yaml, group=DEFAULT_GROUP
22:13:42:512  INFO 6596 --- [main] c.a.c.n.refresh.NacosContextRefresher    : [Nacos Config] Listening config: dataId=lingo-search, group=DEFAULT_GROUP
22:13:42:512  INFO 6596 --- [main] c.a.c.n.refresh.NacosContextRefresher    : [Nacos Config] Listening config: dataId=lingo-search-dev.yaml, group=DEFAULT_GROUP
22:13:42:691  INFO 6596 --- [nacos-grpc-client-executor-9] com.alibaba.nacos.common.remote.client   : [5c02cb10-e4f7-4828-8397-885523d09ba3] Receive server push request, request = NotifySubscriberRequest, requestId = 137
22:13:42:695  INFO 6596 --- [nacos-grpc-client-executor-9] com.alibaba.nacos.common.remote.client   : [5c02cb10-e4f7-4828-8397-885523d09ba3] Ack server push request, request = NotifySubscriberRequest, requestId = 137
22:14:07:189  WARN 6596 --- [Thread-5] c.a.nacos.common.notify.NotifyCenter     : [NotifyCenter] Start destroying Publisher
22:14:07:189  WARN 6596 --- [Thread-1] c.a.n.common.http.HttpClientBeanHolder   : [HttpClientBeanHolder] Start destroying common HttpClient
22:14:07:191  WARN 6596 --- [Thread-5] c.a.nacos.common.notify.NotifyCenter     : [NotifyCenter] Destruction of the end
22:14:07:191  WARN 6596 --- [Thread-1] c.a.n.common.http.HttpClientBeanHolder   : [HttpClientBeanHolder] Destruction of the end
22:14:07:231  INFO 6596 --- [SpringApplicationShutdownHook] c.a.c.n.registry.NacosServiceRegistry    : De-registering from Nacos Server now...
22:14:07:242  INFO 6596 --- [SpringApplicationShutdownHook] c.a.c.n.registry.NacosServiceRegistry    : De-registration finished.
22:14:07:561  INFO 6596 --- [SpringApplicationShutdownHook] com.alibaba.nacos.common.remote.client   : Shutdown rpc client, set status to shutdown
22:14:07:561  INFO 6596 --- [SpringApplicationShutdownHook] com.alibaba.nacos.common.remote.client   : Shutdown client event executor java.util.concurrent.ScheduledThreadPoolExecutor@40a60e34[Running, pool size = 2, active threads = 2, queued tasks = 0, completed tasks = 0]
22:14:07:561  INFO 6596 --- [SpringApplicationShutdownHook] com.alibaba.nacos.common.remote.client   : Close current connection 1709907221964_192.168.10.1_57940
22:14:07:575  INFO 6596 --- [SpringApplicationShutdownHook] c.a.n.c.remote.client.grpc.GrpcClient    : Shutdown grpc executor java.util.concurrent.ThreadPoolExecutor@e6616b5[Running, pool size = 6, active threads = 0, queued tasks = 0, completed tasks = 22]
22:31:14:592  INFO 9324 --- [main] c.m.lingo.search.LingoSearchApplication  : The following 1 profile is active: "dev"
22:31:14:977  INFO 9324 --- [main] o.s.cloud.context.scope.GenericScope     : BeanFactory id=028f0c3c-9ff3-3caa-a400-a869910224e0
22:31:15:153  INFO 9324 --- [main] o.s.b.w.embedded.tomcat.TomcatWebServer  : Tomcat initialized with port(s): 8081 (http)
22:31:15:161  INFO 9324 --- [main] o.apache.catalina.core.StandardService   : Starting service [Tomcat]
22:31:15:161  INFO 9324 --- [main] org.apache.catalina.core.StandardEngine  : Starting Servlet engine: [Apache Tomcat/9.0.75]
22:31:15:238  INFO 9324 --- [main] o.a.c.c.C.[Tomcat].[localhost].[/]       : Initializing Spring embedded WebApplicationContext
22:31:15:238  INFO 9324 --- [main] w.s.c.ServletWebServerApplicationContext : Root WebApplicationContext: initialization completed in 638 ms
22:31:16:535  INFO 9324 --- [main] com.alibaba.nacos.common.remote.client   : [RpcClientFactory] create a new rpc client of 90f878aa-7cec-413b-baf0-f61559790e1c
22:31:16:535  INFO 9324 --- [main] com.alibaba.nacos.common.remote.client   : [90f878aa-7cec-413b-baf0-f61559790e1c] RpcClient init label, labels = {module=naming, source=sdk}
22:31:16:540  INFO 9324 --- [main] com.alibaba.nacos.common.remote.client   : [90f878aa-7cec-413b-baf0-f61559790e1c] RpcClient init, ServerListFactory = com.alibaba.nacos.client.naming.core.ServerListManager
22:31:16:540  INFO 9324 --- [main] com.alibaba.nacos.common.remote.client   : [90f878aa-7cec-413b-baf0-f61559790e1c] Registry connection listener to current client:com.alibaba.nacos.client.naming.remote.gprc.redo.NamingGrpcRedoService
22:31:16:540  INFO 9324 --- [main] com.alibaba.nacos.common.remote.client   : [90f878aa-7cec-413b-baf0-f61559790e1c] Register server push request handler:com.alibaba.nacos.client.naming.remote.gprc.NamingPushRequestHandler
22:31:16:540  INFO 9324 --- [main] com.alibaba.nacos.common.remote.client   : [90f878aa-7cec-413b-baf0-f61559790e1c] Try to connect to server on start up, server: {serverIp = '192.168.10.100', server main port = 8848}
22:31:16:681  INFO 9324 --- [main] com.alibaba.nacos.common.remote.client   : [90f878aa-7cec-413b-baf0-f61559790e1c] Success to connect to server [192.168.10.100:8848] on start up, connectionId = 1709908276566_192.168.10.1_64418
22:31:16:681  INFO 9324 --- [main] com.alibaba.nacos.common.remote.client   : [90f878aa-7cec-413b-baf0-f61559790e1c] Register server push request handler:com.alibaba.nacos.common.remote.client.RpcClient$ConnectResetRequestHandler
22:31:16:681  INFO 9324 --- [com.alibaba.nacos.client.remote.worker] com.alibaba.nacos.common.remote.client   : [90f878aa-7cec-413b-baf0-f61559790e1c] Notify connected event to listeners.
22:31:16:681  INFO 9324 --- [main] com.alibaba.nacos.common.remote.client   : [90f878aa-7cec-413b-baf0-f61559790e1c] Register server push request handler:com.alibaba.nacos.common.remote.client.RpcClient$$Lambda$473/0x0000000800fc0d00
22:31:16:723  INFO 9324 --- [main] o.s.b.w.embedded.tomcat.TomcatWebServer  : Tomcat started on port(s): 8081 (http) with context path ''
22:31:16:733  INFO 9324 --- [main] c.a.c.n.registry.NacosServiceRegistry    : nacos registry, DEFAULT_GROUP lingo-search 192.168.33.1:8081 register finished
22:31:17:244  INFO 9324 --- [main] c.m.lingo.search.LingoSearchApplication  : Started LingoSearchApplication in 5.208 seconds (JVM running for 5.889)
22:31:17:248  INFO 9324 --- [main] c.a.c.n.refresh.NacosContextRefresher    : [Nacos Config] Listening config: dataId=lingo-search.yaml, group=DEFAULT_GROUP
22:31:17:248  INFO 9324 --- [main] c.a.c.n.refresh.NacosContextRefresher    : [Nacos Config] Listening config: dataId=lingo-search, group=DEFAULT_GROUP
22:31:17:248  INFO 9324 --- [main] c.a.c.n.refresh.NacosContextRefresher    : [Nacos Config] Listening config: dataId=lingo-search-dev.yaml, group=DEFAULT_GROUP
22:31:17:281  INFO 9324 --- [nacos-grpc-client-executor-10] com.alibaba.nacos.common.remote.client   : [90f878aa-7cec-413b-baf0-f61559790e1c] Receive server push request, request = NotifySubscriberRequest, requestId = 139
22:31:17:281  INFO 9324 --- [nacos-grpc-client-executor-10] com.alibaba.nacos.common.remote.client   : [90f878aa-7cec-413b-baf0-f61559790e1c] Ack server push request, request = NotifySubscriberRequest, requestId = 139
22:31:39:869  WARN 9324 --- [Thread-5] c.a.nacos.common.notify.NotifyCenter     : [NotifyCenter] Start destroying Publisher
22:31:39:869  WARN 9324 --- [Thread-5] c.a.nacos.common.notify.NotifyCenter     : [NotifyCenter] Destruction of the end
22:31:39:868  WARN 9324 --- [Thread-1] c.a.n.common.http.HttpClientBeanHolder   : [HttpClientBeanHolder] Start destroying common HttpClient
22:31:39:869  WARN 9324 --- [Thread-1] c.a.n.common.http.HttpClientBeanHolder   : [HttpClientBeanHolder] Destruction of the end
22:31:39:914  INFO 9324 --- [SpringApplicationShutdownHook] c.a.c.n.registry.NacosServiceRegistry    : De-registering from Nacos Server now...
22:31:39:921  INFO 9324 --- [SpringApplicationShutdownHook] c.a.c.n.registry.NacosServiceRegistry    : De-registration finished.
22:31:40:257  INFO 9324 --- [SpringApplicationShutdownHook] com.alibaba.nacos.common.remote.client   : Shutdown rpc client, set status to shutdown
22:31:40:257  INFO 9324 --- [SpringApplicationShutdownHook] com.alibaba.nacos.common.remote.client   : Shutdown client event executor java.util.concurrent.ScheduledThreadPoolExecutor@4c1af832[Running, pool size = 2, active threads = 2, queued tasks = 0, completed tasks = 0]
22:31:40:257  INFO 9324 --- [SpringApplicationShutdownHook] com.alibaba.nacos.common.remote.client   : Close current connection 1709908276566_192.168.10.1_64418
22:31:40:257  INFO 9324 --- [nacos-grpc-client-executor-22] c.a.n.c.remote.client.grpc.GrpcClient    : [1709908276566_192.168.10.1_64418]Ignore complete event,isRunning:false,isAbandon=false
22:31:40:257  INFO 9324 --- [SpringApplicationShutdownHook] c.a.n.c.remote.client.grpc.GrpcClient    : Shutdown grpc executor java.util.concurrent.ThreadPoolExecutor@556b12ac[Running, pool size = 9, active threads = 0, queued tasks = 0, completed tasks = 23]
22:34:54:368  INFO 7508 --- [main] c.m.lingo.search.LingoSearchApplication  : The following 1 profile is active: "dev"
22:34:54:696  INFO 7508 --- [main] o.s.cloud.context.scope.GenericScope     : BeanFactory id=028f0c3c-9ff3-3caa-a400-a869910224e0
22:34:54:891  INFO 7508 --- [main] o.s.b.w.embedded.tomcat.TomcatWebServer  : Tomcat initialized with port(s): 8082 (http)
22:34:54:899  INFO 7508 --- [main] o.apache.catalina.core.StandardService   : Starting service [Tomcat]
22:34:54:899  INFO 7508 --- [main] org.apache.catalina.core.StandardEngine  : Starting Servlet engine: [Apache Tomcat/9.0.75]
22:34:54:957  INFO 7508 --- [main] o.a.c.c.C.[Tomcat].[localhost].[/]       : Initializing Spring embedded WebApplicationContext
22:34:54:957  INFO 7508 --- [main] w.s.c.ServletWebServerApplicationContext : Root WebApplicationContext: initialization completed in 580 ms
22:34:56:256  INFO 7508 --- [main] com.alibaba.nacos.common.remote.client   : [RpcClientFactory] create a new rpc client of 0c6daec6-2a31-4709-a788-bf28e22266d6
22:34:56:256  INFO 7508 --- [main] com.alibaba.nacos.common.remote.client   : [0c6daec6-2a31-4709-a788-bf28e22266d6] RpcClient init label, labels = {module=naming, source=sdk}
22:34:56:256  INFO 7508 --- [main] com.alibaba.nacos.common.remote.client   : [0c6daec6-2a31-4709-a788-bf28e22266d6] RpcClient init, ServerListFactory = com.alibaba.nacos.client.naming.core.ServerListManager
22:34:56:256  INFO 7508 --- [main] com.alibaba.nacos.common.remote.client   : [0c6daec6-2a31-4709-a788-bf28e22266d6] Registry connection listener to current client:com.alibaba.nacos.client.naming.remote.gprc.redo.NamingGrpcRedoService
22:34:56:256  INFO 7508 --- [main] com.alibaba.nacos.common.remote.client   : [0c6daec6-2a31-4709-a788-bf28e22266d6] Register server push request handler:com.alibaba.nacos.client.naming.remote.gprc.NamingPushRequestHandler
22:34:56:256  INFO 7508 --- [main] com.alibaba.nacos.common.remote.client   : [0c6daec6-2a31-4709-a788-bf28e22266d6] Try to connect to server on start up, server: {serverIp = '192.168.10.100', server main port = 8848}
22:34:56:387  INFO 7508 --- [main] com.alibaba.nacos.common.remote.client   : [0c6daec6-2a31-4709-a788-bf28e22266d6] Success to connect to server [192.168.10.100:8848] on start up, connectionId = 1709908496275_192.168.10.1_49302
22:34:56:387  INFO 7508 --- [com.alibaba.nacos.client.remote.worker] com.alibaba.nacos.common.remote.client   : [0c6daec6-2a31-4709-a788-bf28e22266d6] Notify connected event to listeners.
22:34:56:387  INFO 7508 --- [main] com.alibaba.nacos.common.remote.client   : [0c6daec6-2a31-4709-a788-bf28e22266d6] Register server push request handler:com.alibaba.nacos.common.remote.client.RpcClient$ConnectResetRequestHandler
22:34:56:387  INFO 7508 --- [main] com.alibaba.nacos.common.remote.client   : [0c6daec6-2a31-4709-a788-bf28e22266d6] Register server push request handler:com.alibaba.nacos.common.remote.client.RpcClient$$Lambda$473/0x0000000800fc1678
22:34:56:421  INFO 7508 --- [main] o.s.b.w.embedded.tomcat.TomcatWebServer  : Tomcat started on port(s): 8082 (http) with context path ''
22:34:56:427  INFO 7508 --- [main] c.a.c.n.registry.NacosServiceRegistry    : nacos registry, DEFAULT_GROUP lingo-search 192.168.33.1:8082 register finished
22:34:56:834  INFO 7508 --- [main] c.m.lingo.search.LingoSearchApplication  : Started LingoSearchApplication in 4.919 seconds (JVM running for 5.437)
22:34:56:841  INFO 7508 --- [main] c.a.c.n.refresh.NacosContextRefresher    : [Nacos Config] Listening config: dataId=lingo-search.yaml, group=DEFAULT_GROUP
22:34:56:841  INFO 7508 --- [main] c.a.c.n.refresh.NacosContextRefresher    : [Nacos Config] Listening config: dataId=lingo-search, group=DEFAULT_GROUP
22:34:56:841  INFO 7508 --- [main] c.a.c.n.refresh.NacosContextRefresher    : [Nacos Config] Listening config: dataId=lingo-search-dev.yaml, group=DEFAULT_GROUP
22:34:56:935  INFO 7508 --- [nacos-grpc-client-executor-7] com.alibaba.nacos.common.remote.client   : [0c6daec6-2a31-4709-a788-bf28e22266d6] Receive server push request, request = NotifySubscriberRequest, requestId = 142
22:34:56:935  INFO 7508 --- [nacos-grpc-client-executor-7] com.alibaba.nacos.common.remote.client   : [0c6daec6-2a31-4709-a788-bf28e22266d6] Ack server push request, request = NotifySubscriberRequest, requestId = 142
22:35:28:036  WARN 7508 --- [Thread-5] c.a.nacos.common.notify.NotifyCenter     : [NotifyCenter] Start destroying Publisher
22:35:28:037  WARN 7508 --- [Thread-5] c.a.nacos.common.notify.NotifyCenter     : [NotifyCenter] Destruction of the end
22:35:28:036  WARN 7508 --- [Thread-1] c.a.n.common.http.HttpClientBeanHolder   : [HttpClientBeanHolder] Start destroying common HttpClient
22:35:28:037  WARN 7508 --- [Thread-1] c.a.n.common.http.HttpClientBeanHolder   : [HttpClientBeanHolder] Destruction of the end
22:35:28:077  INFO 7508 --- [SpringApplicationShutdownHook] c.a.c.n.registry.NacosServiceRegistry    : De-registering from Nacos Server now...
22:35:28:077  INFO 7508 --- [SpringApplicationShutdownHook] c.a.c.n.registry.NacosServiceRegistry    : De-registration finished.
22:35:28:390  INFO 7508 --- [SpringApplicationShutdownHook] com.alibaba.nacos.common.remote.client   : Shutdown rpc client, set status to shutdown
22:35:28:390  INFO 7508 --- [SpringApplicationShutdownHook] com.alibaba.nacos.common.remote.client   : Shutdown client event executor java.util.concurrent.ScheduledThreadPoolExecutor@74c7f1b1[Running, pool size = 2, active threads = 2, queued tasks = 0, completed tasks = 0]
22:35:28:390  INFO 7508 --- [SpringApplicationShutdownHook] com.alibaba.nacos.common.remote.client   : Close current connection 1709908496275_192.168.10.1_49302
22:35:28:393  INFO 7508 --- [nacos-grpc-client-executor-19] c.a.n.c.remote.client.grpc.GrpcClient    : [1709908496275_192.168.10.1_49302]Ignore complete event,isRunning:false,isAbandon=false
22:35:28:393  INFO 7508 --- [SpringApplicationShutdownHook] c.a.n.c.remote.client.grpc.GrpcClient    : Shutdown grpc executor java.util.concurrent.ThreadPoolExecutor@65211bd8[Running, pool size = 6, active threads = 0, queued tasks = 0, completed tasks = 20]
