22:31:21:345  INFO 12604 --- [main] c.m.lingo.video.LingoVideoApplication    : The following 1 profile is active: "dev"
22:31:21:619  INFO 12604 --- [main] o.s.cloud.context.scope.GenericScope     : BeanFactory id=244f1212-96e5-3ac2-8d93-6fcaa8b5daf2
22:31:21:765  INFO 12604 --- [main] o.s.b.w.embedded.tomcat.TomcatWebServer  : Tomcat initialized with port(s): 8080 (http)
22:31:21:769  INFO 12604 --- [main] o.apache.catalina.core.StandardService   : Starting service [Tomcat]
22:31:21:769  INFO 12604 --- [main] org.apache.catalina.core.StandardEngine  : Starting Servlet engine: [Apache Tomcat/9.0.75]
22:31:21:833  INFO 12604 --- [main] o.a.c.c.C.[Tomcat].[localhost].[/]       : Initializing Spring embedded WebApplicationContext
22:31:21:833  INFO 12604 --- [main] w.s.c.ServletWebServerApplicationContext : Root WebApplicationContext: initialization completed in 479 ms
22:31:22:764  INFO 12604 --- [main] com.alibaba.nacos.common.remote.client   : [RpcClientFactory] create a new rpc client of eb796bc6-0c6d-4249-bc96-b5e2271d2a89
22:31:22:764  INFO 12604 --- [main] com.alibaba.nacos.common.remote.client   : [eb796bc6-0c6d-4249-bc96-b5e2271d2a89] RpcClient init label, labels = {module=naming, source=sdk}
22:31:22:764  INFO 12604 --- [main] com.alibaba.nacos.common.remote.client   : [eb796bc6-0c6d-4249-bc96-b5e2271d2a89] RpcClient init, ServerListFactory = com.alibaba.nacos.client.naming.core.ServerListManager
22:31:22:764  INFO 12604 --- [main] com.alibaba.nacos.common.remote.client   : [eb796bc6-0c6d-4249-bc96-b5e2271d2a89] Registry connection listener to current client:com.alibaba.nacos.client.naming.remote.gprc.redo.NamingGrpcRedoService
22:31:22:769  INFO 12604 --- [main] com.alibaba.nacos.common.remote.client   : [eb796bc6-0c6d-4249-bc96-b5e2271d2a89] Register server push request handler:com.alibaba.nacos.client.naming.remote.gprc.NamingPushRequestHandler
22:31:22:769  INFO 12604 --- [main] com.alibaba.nacos.common.remote.client   : [eb796bc6-0c6d-4249-bc96-b5e2271d2a89] Try to connect to server on start up, server: {serverIp = '192.168.10.100', server main port = 8848}
22:31:22:891  INFO 12604 --- [main] com.alibaba.nacos.common.remote.client   : [eb796bc6-0c6d-4249-bc96-b5e2271d2a89] Success to connect to server [192.168.10.100:8848] on start up, connectionId = 1709908282780_192.168.10.1_64427
22:31:22:891  INFO 12604 --- [main] com.alibaba.nacos.common.remote.client   : [eb796bc6-0c6d-4249-bc96-b5e2271d2a89] Register server push request handler:com.alibaba.nacos.common.remote.client.RpcClient$ConnectResetRequestHandler
22:31:22:891  INFO 12604 --- [com.alibaba.nacos.client.remote.worker] com.alibaba.nacos.common.remote.client   : [eb796bc6-0c6d-4249-bc96-b5e2271d2a89] Notify connected event to listeners.
22:31:22:891  INFO 12604 --- [main] com.alibaba.nacos.common.remote.client   : [eb796bc6-0c6d-4249-bc96-b5e2271d2a89] Register server push request handler:com.alibaba.nacos.common.remote.client.RpcClient$$Lambda$473/0x0000000800fc0d00
22:31:22:937  INFO 12604 --- [main] o.s.b.w.embedded.tomcat.TomcatWebServer  : Tomcat started on port(s): 8080 (http) with context path ''
22:31:22:953  INFO 12604 --- [main] c.a.c.n.registry.NacosServiceRegistry    : nacos registry, DEFAULT_GROUP lingo-video 192.168.33.1:8080 register finished
22:31:23:296  INFO 12604 --- [main] c.m.lingo.video.LingoVideoApplication    : Started LingoVideoApplication in 4.578 seconds (JVM running for 5.265)
22:31:23:300  INFO 12604 --- [main] c.a.c.n.refresh.NacosContextRefresher    : [Nacos Config] Listening config: dataId=lingo-video.yaml, group=DEFAULT_GROUP
22:31:23:300  INFO 12604 --- [main] c.a.c.n.refresh.NacosContextRefresher    : [Nacos Config] Listening config: dataId=lingo-video, group=DEFAULT_GROUP
22:31:23:300  INFO 12604 --- [main] c.a.c.n.refresh.NacosContextRefresher    : [Nacos Config] Listening config: dataId=lingo-video-dev.yaml, group=DEFAULT_GROUP
22:31:23:443  INFO 12604 --- [nacos-grpc-client-executor-8] com.alibaba.nacos.common.remote.client   : [eb796bc6-0c6d-4249-bc96-b5e2271d2a89] Receive server push request, request = NotifySubscriberRequest, requestId = 140
22:31:23:447  INFO 12604 --- [nacos-grpc-client-executor-8] com.alibaba.nacos.common.remote.client   : [eb796bc6-0c6d-4249-bc96-b5e2271d2a89] Ack server push request, request = NotifySubscriberRequest, requestId = 140
22:31:35:379  WARN 12604 --- [Thread-1] c.a.n.common.http.HttpClientBeanHolder   : [HttpClientBeanHolder] Start destroying common HttpClient
22:31:35:379  WARN 12604 --- [Thread-5] c.a.nacos.common.notify.NotifyCenter     : [NotifyCenter] Start destroying Publisher
22:31:35:388  WARN 12604 --- [Thread-5] c.a.nacos.common.notify.NotifyCenter     : [NotifyCenter] Destruction of the end
22:31:35:388  WARN 12604 --- [Thread-1] c.a.n.common.http.HttpClientBeanHolder   : [HttpClientBeanHolder] Destruction of the end
22:31:35:429  INFO 12604 --- [SpringApplicationShutdownHook] c.a.c.n.registry.NacosServiceRegistry    : De-registering from Nacos Server now...
22:31:35:439  INFO 12604 --- [SpringApplicationShutdownHook] c.a.c.n.registry.NacosServiceRegistry    : De-registration finished.
22:31:35:751  INFO 12604 --- [SpringApplicationShutdownHook] com.alibaba.nacos.common.remote.client   : Shutdown rpc client, set status to shutdown
22:31:35:751  INFO 12604 --- [SpringApplicationShutdownHook] com.alibaba.nacos.common.remote.client   : Shutdown client event executor java.util.concurrent.ScheduledThreadPoolExecutor@6fab56dd[Running, pool size = 2, active threads = 2, queued tasks = 0, completed tasks = 0]
22:31:35:751  INFO 12604 --- [SpringApplicationShutdownHook] com.alibaba.nacos.common.remote.client   : Close current connection 1709908282780_192.168.10.1_64427
22:31:35:754  INFO 12604 --- [nacos-grpc-client-executor-17] c.a.n.c.remote.client.grpc.GrpcClient    : [1709908282780_192.168.10.1_64427]Ignore complete event,isRunning:false,isAbandon=false
22:31:35:755  INFO 12604 --- [SpringApplicationShutdownHook] c.a.n.c.remote.client.grpc.GrpcClient    : Shutdown grpc executor java.util.concurrent.ThreadPoolExecutor@1f6c688b[Running, pool size = 7, active threads = 0, queued tasks = 0, completed tasks = 18]
22:34:58:450  INFO 9176 --- [main] c.m.lingo.video.LingoVideoApplication    : The following 1 profile is active: "dev"
22:34:58:738  INFO 9176 --- [main] o.s.cloud.context.scope.GenericScope     : BeanFactory id=244f1212-96e5-3ac2-8d93-6fcaa8b5daf2
22:34:58:879  INFO 9176 --- [main] o.s.b.w.embedded.tomcat.TomcatWebServer  : Tomcat initialized with port(s): 8080 (http)
22:34:58:886  INFO 9176 --- [main] o.apache.catalina.core.StandardService   : Starting service [Tomcat]
22:34:58:886  INFO 9176 --- [main] org.apache.catalina.core.StandardEngine  : Starting Servlet engine: [Apache Tomcat/9.0.75]
22:34:58:940  INFO 9176 --- [main] o.a.c.c.C.[Tomcat].[localhost].[/]       : Initializing Spring embedded WebApplicationContext
22:34:58:940  INFO 9176 --- [main] w.s.c.ServletWebServerApplicationContext : Root WebApplicationContext: initialization completed in 477 ms
22:34:59:919  INFO 9176 --- [main] com.alibaba.nacos.common.remote.client   : [RpcClientFactory] create a new rpc client of de4e6b75-5553-4206-9950-3cbca29b54fc
22:34:59:919  INFO 9176 --- [main] com.alibaba.nacos.common.remote.client   : [de4e6b75-5553-4206-9950-3cbca29b54fc] RpcClient init label, labels = {module=naming, source=sdk}
22:34:59:926  INFO 9176 --- [main] com.alibaba.nacos.common.remote.client   : [de4e6b75-5553-4206-9950-3cbca29b54fc] RpcClient init, ServerListFactory = com.alibaba.nacos.client.naming.core.ServerListManager
22:34:59:926  INFO 9176 --- [main] com.alibaba.nacos.common.remote.client   : [de4e6b75-5553-4206-9950-3cbca29b54fc] Registry connection listener to current client:com.alibaba.nacos.client.naming.remote.gprc.redo.NamingGrpcRedoService
22:34:59:926  INFO 9176 --- [main] com.alibaba.nacos.common.remote.client   : [de4e6b75-5553-4206-9950-3cbca29b54fc] Register server push request handler:com.alibaba.nacos.client.naming.remote.gprc.NamingPushRequestHandler
22:34:59:926  INFO 9176 --- [main] com.alibaba.nacos.common.remote.client   : [de4e6b75-5553-4206-9950-3cbca29b54fc] Try to connect to server on start up, server: {serverIp = '192.168.10.100', server main port = 8848}
22:35:00:050  INFO 9176 --- [main] com.alibaba.nacos.common.remote.client   : [de4e6b75-5553-4206-9950-3cbca29b54fc] Success to connect to server [192.168.10.100:8848] on start up, connectionId = 1709908499936_192.168.10.1_49309
22:35:00:050  INFO 9176 --- [com.alibaba.nacos.client.remote.worker] com.alibaba.nacos.common.remote.client   : [de4e6b75-5553-4206-9950-3cbca29b54fc] Notify connected event to listeners.
22:35:00:050  INFO 9176 --- [main] com.alibaba.nacos.common.remote.client   : [de4e6b75-5553-4206-9950-3cbca29b54fc] Register server push request handler:com.alibaba.nacos.common.remote.client.RpcClient$ConnectResetRequestHandler
22:35:00:050  INFO 9176 --- [main] com.alibaba.nacos.common.remote.client   : [de4e6b75-5553-4206-9950-3cbca29b54fc] Register server push request handler:com.alibaba.nacos.common.remote.client.RpcClient$$Lambda$473/0x0000000800fb8d00
22:35:00:090  INFO 9176 --- [main] o.s.b.w.embedded.tomcat.TomcatWebServer  : Tomcat started on port(s): 8080 (http) with context path ''
22:35:00:097  INFO 9176 --- [main] c.a.c.n.registry.NacosServiceRegistry    : nacos registry, DEFAULT_GROUP lingo-video 192.168.33.1:8080 register finished
22:35:00:623  INFO 9176 --- [nacos-grpc-client-executor-8] com.alibaba.nacos.common.remote.client   : [de4e6b75-5553-4206-9950-3cbca29b54fc] Receive server push request, request = NotifySubscriberRequest, requestId = 143
22:35:00:630  INFO 9176 --- [nacos-grpc-client-executor-8] com.alibaba.nacos.common.remote.client   : [de4e6b75-5553-4206-9950-3cbca29b54fc] Ack server push request, request = NotifySubscriberRequest, requestId = 143
22:35:00:837  INFO 9176 --- [main] c.m.lingo.video.LingoVideoApplication    : Started LingoVideoApplication in 4.924 seconds (JVM running for 5.479)
22:35:00:844  INFO 9176 --- [main] c.a.c.n.refresh.NacosContextRefresher    : [Nacos Config] Listening config: dataId=lingo-video.yaml, group=DEFAULT_GROUP
22:35:00:844  INFO 9176 --- [main] c.a.c.n.refresh.NacosContextRefresher    : [Nacos Config] Listening config: dataId=lingo-video, group=DEFAULT_GROUP
22:35:00:844  INFO 9176 --- [main] c.a.c.n.refresh.NacosContextRefresher    : [Nacos Config] Listening config: dataId=lingo-video-dev.yaml, group=DEFAULT_GROUP
22:35:24:825  WARN 9176 --- [Thread-5] c.a.nacos.common.notify.NotifyCenter     : [NotifyCenter] Start destroying Publisher
22:35:24:825  WARN 9176 --- [Thread-5] c.a.nacos.common.notify.NotifyCenter     : [NotifyCenter] Destruction of the end
22:35:24:831  WARN 9176 --- [Thread-1] c.a.n.common.http.HttpClientBeanHolder   : [HttpClientBeanHolder] Start destroying common HttpClient
22:35:24:831  WARN 9176 --- [Thread-1] c.a.n.common.http.HttpClientBeanHolder   : [HttpClientBeanHolder] Destruction of the end
22:35:25:026  INFO 9176 --- [SpringApplicationShutdownHook] c.a.c.n.registry.NacosServiceRegistry    : De-registering from Nacos Server now...
22:35:25:039  INFO 9176 --- [SpringApplicationShutdownHook] c.a.c.n.registry.NacosServiceRegistry    : De-registration finished.
22:35:25:369  INFO 9176 --- [SpringApplicationShutdownHook] com.alibaba.nacos.common.remote.client   : Shutdown rpc client, set status to shutdown
22:35:25:369  INFO 9176 --- [SpringApplicationShutdownHook] com.alibaba.nacos.common.remote.client   : Shutdown client event executor java.util.concurrent.ScheduledThreadPoolExecutor@58a34f14[Running, pool size = 2, active threads = 2, queued tasks = 0, completed tasks = 0]
22:35:25:369  INFO 9176 --- [SpringApplicationShutdownHook] com.alibaba.nacos.common.remote.client   : Close current connection 1709908499936_192.168.10.1_49309
22:35:25:374  INFO 9176 --- [SpringApplicationShutdownHook] c.a.n.c.remote.client.grpc.GrpcClient    : Shutdown grpc executor java.util.concurrent.ThreadPoolExecutor@6ebefeb9[Running, pool size = 9, active threads = 1, queued tasks = 0, completed tasks = 23]
