11:24:40:025  INFO 4936 --- [main] c.m.lingo.user.LingoUserApplication      : The following 1 profile is active: "dev"
11:24:40:704  INFO 4936 --- [main] .s.d.r.c.RepositoryConfigurationDelegate : Multiple Spring Data modules found, entering strict repository configuration mode
11:24:40:712  INFO 4936 --- [main] .s.d.r.c.RepositoryConfigurationDelegate : Bootstrapping Spring Data Redis repositories in DEFAULT mode.
11:24:40:728  INFO 4936 --- [main] .s.d.r.c.RepositoryConfigurationDelegate : Finished Spring Data repository scanning in 6 ms. Found 0 Redis repository interfaces.
11:24:40:882  INFO 4936 --- [main] o.s.cloud.context.scope.GenericScope     : BeanFactory id=19cc7a44-a6f1-3384-9b57-529d3685a149
11:24:41:129  INFO 4936 --- [main] o.s.b.w.embedded.tomcat.TomcatWebServer  : Tomcat initialized with port(s): 8081 (http)
11:24:41:129  INFO 4936 --- [main] o.apache.catalina.core.StandardService   : Starting service [Tomcat]
11:24:41:129  INFO 4936 --- [main] org.apache.catalina.core.StandardEngine  : Starting Servlet engine: [Apache Tomcat/9.0.83]
11:24:41:216  INFO 4936 --- [main] o.a.c.c.C.[Tomcat].[localhost].[/]       : Initializing Spring embedded WebApplicationContext
11:24:41:216  INFO 4936 --- [main] w.s.c.ServletWebServerApplicationContext : Root WebApplicationContext: initialization completed in 1175 ms
11:24:42:398  INFO 4936 --- [main] o.s.b.a.e.web.EndpointLinksResolver      : Exposing 1 endpoint(s) beneath base path '/actuator'
11:24:42:602  INFO 4936 --- [main] pertySourcedRequestMappingHandlerMapping : Mapped URL path [/v2/api-docs] onto method [springfox.documentation.swagger2.web.Swagger2ControllerWebMvc#getDocumentation(String, HttpServletRequest)]
11:24:43:158  INFO 4936 --- [main] com.alibaba.nacos.common.remote.client   : [RpcClientFactory] create a new rpc client of 8925de2b-c03d-449c-b3e7-5580d176a952
11:24:43:158  INFO 4936 --- [main] com.alibaba.nacos.common.remote.client   : [8925de2b-c03d-449c-b3e7-5580d176a952] RpcClient init label, labels = {module=naming, source=sdk}
11:24:43:166  INFO 4936 --- [main] com.alibaba.nacos.common.remote.client   : [8925de2b-c03d-449c-b3e7-5580d176a952] RpcClient init, ServerListFactory = com.alibaba.nacos.client.naming.core.ServerListManager
11:24:43:166  INFO 4936 --- [main] com.alibaba.nacos.common.remote.client   : [8925de2b-c03d-449c-b3e7-5580d176a952] Registry connection listener to current client:com.alibaba.nacos.client.naming.remote.gprc.redo.NamingGrpcRedoService
11:24:43:166  INFO 4936 --- [main] com.alibaba.nacos.common.remote.client   : [8925de2b-c03d-449c-b3e7-5580d176a952] Register server push request handler:com.alibaba.nacos.client.naming.remote.gprc.NamingPushRequestHandler
11:24:43:166  INFO 4936 --- [main] com.alibaba.nacos.common.remote.client   : [8925de2b-c03d-449c-b3e7-5580d176a952] Try to connect to server on start up, server: {serverIp = '192.168.10.100', server main port = 8848}
11:24:43:282  INFO 4936 --- [main] com.alibaba.nacos.common.remote.client   : [8925de2b-c03d-449c-b3e7-5580d176a952] Success to connect to server [192.168.10.100:8848] on start up, connectionId = 1711164283173_192.168.10.1_57017
11:24:43:282  INFO 4936 --- [main] com.alibaba.nacos.common.remote.client   : [8925de2b-c03d-449c-b3e7-5580d176a952] Register server push request handler:com.alibaba.nacos.common.remote.client.RpcClient$ConnectResetRequestHandler
11:24:43:282  INFO 4936 --- [com.alibaba.nacos.client.remote.worker] com.alibaba.nacos.common.remote.client   : [8925de2b-c03d-449c-b3e7-5580d176a952] Notify connected event to listeners.
11:24:43:282  INFO 4936 --- [main] com.alibaba.nacos.common.remote.client   : [8925de2b-c03d-449c-b3e7-5580d176a952] Register server push request handler:com.alibaba.nacos.common.remote.client.RpcClient$$Lambda$474/0x0000000800fc23f8
11:24:43:318  INFO 4936 --- [main] o.s.b.w.embedded.tomcat.TomcatWebServer  : Tomcat started on port(s): 8081 (http) with context path ''
11:24:43:318  INFO 4936 --- [main] c.a.c.n.registry.NacosServiceRegistry    : nacos registry, DEFAULT_GROUP lingo-user 192.168.33.1:8081 register finished
11:24:43:592  INFO 4936 --- [main] d.s.w.p.DocumentationPluginsBootstrapper : Documentation plugins bootstrapped
11:24:43:599  INFO 4936 --- [main] d.s.w.p.DocumentationPluginsBootstrapper : Found 1 custom documentation plugin(s)
11:24:43:599  WARN 4936 --- [main] ConfigServletWebServerApplicationContext : Exception encountered during context initialization - cancelling refresh attempt: org.springframework.context.ApplicationContextException: Failed to start bean 'documentationPluginsBootstrapper'; nested exception is java.lang.NullPointerException: Cannot invoke "org.springframework.web.servlet.mvc.condition.PatternsRequestCondition.getPatterns()" because "this.condition" is null
11:24:43:599  INFO 4936 --- [main] c.a.c.n.registry.NacosServiceRegistry    : De-registering from Nacos Server now...
11:24:43:599  INFO 4936 --- [main] c.a.c.n.registry.NacosServiceRegistry    : De-registration finished.
11:24:43:874  INFO 4936 --- [nacos-grpc-client-executor-7] com.alibaba.nacos.common.remote.client   : [8925de2b-c03d-449c-b3e7-5580d176a952] Receive server push request, request = NotifySubscriberRequest, requestId = 174
11:24:43:874  INFO 4936 --- [nacos-grpc-client-executor-7] com.alibaba.nacos.common.remote.client   : [8925de2b-c03d-449c-b3e7-5580d176a952] Ack server push request, request = NotifySubscriberRequest, requestId = 174
11:24:44:264  INFO 4936 --- [main] com.alibaba.nacos.common.remote.client   : Shutdown rpc client, set status to shutdown
11:24:44:264  INFO 4936 --- [main] com.alibaba.nacos.common.remote.client   : Shutdown client event executor java.util.concurrent.ScheduledThreadPoolExecutor@1f7b1d6a[Running, pool size = 2, active threads = 2, queued tasks = 0, completed tasks = 0]
11:24:44:264  INFO 4936 --- [main] com.alibaba.nacos.common.remote.client   : Close current connection 1711164283173_192.168.10.1_57017
11:24:44:264  INFO 4936 --- [nacos-grpc-client-executor-8] c.a.n.c.remote.client.grpc.GrpcClient    : [1711164283173_192.168.10.1_57017]Ignore complete event,isRunning:false,isAbandon=false
11:24:44:270  INFO 4936 --- [main] c.a.n.c.remote.client.grpc.GrpcClient    : Shutdown grpc executor java.util.concurrent.ThreadPoolExecutor@12c30824[Running, pool size = 9, active threads = 0, queued tasks = 0, completed tasks = 9]
11:24:44:270  INFO 4936 --- [main] com.alibaba.nacos.common.remote.client   : [RpcClientFactory] create a new rpc client of ef999572-6378-49f1-a9bb-06a3f644d0fe
11:24:44:270  INFO 4936 --- [main] com.alibaba.nacos.common.remote.client   : [ef999572-6378-49f1-a9bb-06a3f644d0fe] RpcClient init label, labels = {module=naming, source=sdk}
11:24:44:270  INFO 4936 --- [main] com.alibaba.nacos.common.remote.client   : [ef999572-6378-49f1-a9bb-06a3f644d0fe] RpcClient init, ServerListFactory = com.alibaba.nacos.client.naming.core.ServerListManager
11:24:44:270  INFO 4936 --- [main] com.alibaba.nacos.common.remote.client   : [ef999572-6378-49f1-a9bb-06a3f644d0fe] Registry connection listener to current client:com.alibaba.nacos.client.naming.remote.gprc.redo.NamingGrpcRedoService
11:24:44:270  INFO 4936 --- [main] com.alibaba.nacos.common.remote.client   : [ef999572-6378-49f1-a9bb-06a3f644d0fe] Register server push request handler:com.alibaba.nacos.client.naming.remote.gprc.NamingPushRequestHandler
11:24:44:270  INFO 4936 --- [main] com.alibaba.nacos.common.remote.client   : [ef999572-6378-49f1-a9bb-06a3f644d0fe] Try to connect to server on start up, server: {serverIp = '192.168.10.100', server main port = 8848}
11:24:44:391  INFO 4936 --- [main] com.alibaba.nacos.common.remote.client   : [ef999572-6378-49f1-a9bb-06a3f644d0fe] Success to connect to server [192.168.10.100:8848] on start up, connectionId = 1711164284280_192.168.10.1_57018
11:24:44:391  INFO 4936 --- [main] com.alibaba.nacos.common.remote.client   : [ef999572-6378-49f1-a9bb-06a3f644d0fe] Register server push request handler:com.alibaba.nacos.common.remote.client.RpcClient$ConnectResetRequestHandler
11:24:44:391  INFO 4936 --- [com.alibaba.nacos.client.remote.worker] com.alibaba.nacos.common.remote.client   : [ef999572-6378-49f1-a9bb-06a3f644d0fe] Notify connected event to listeners.
11:24:44:391  INFO 4936 --- [main] com.alibaba.nacos.common.remote.client   : [ef999572-6378-49f1-a9bb-06a3f644d0fe] Register server push request handler:com.alibaba.nacos.common.remote.client.RpcClient$$Lambda$474/0x0000000800fc23f8
11:24:44:724  INFO 4936 --- [main] com.alibaba.nacos.common.remote.client   : Shutdown rpc client, set status to shutdown
11:24:44:724  INFO 4936 --- [main] com.alibaba.nacos.common.remote.client   : Shutdown client event executor java.util.concurrent.ScheduledThreadPoolExecutor@7d12fb85[Running, pool size = 2, active threads = 2, queued tasks = 0, completed tasks = 0]
11:24:44:724  INFO 4936 --- [main] com.alibaba.nacos.common.remote.client   : Close current connection 1711164284280_192.168.10.1_57018
11:24:44:724  INFO 4936 --- [main] c.a.n.c.remote.client.grpc.GrpcClient    : Shutdown grpc executor java.util.concurrent.ThreadPoolExecutor@71db6703[Running, pool size = 4, active threads = 0, queued tasks = 0, completed tasks = 4]
11:24:44:724  INFO 4936 --- [grpc-nio-worker-ELG-1-6] c.a.n.s.i.g.i.AbstractClientStream       : Received trailers on closed stream:
 Metadata(content-type=application/grpc)
 {2}
11:24:44:754  INFO 4936 --- [main] o.apache.catalina.core.StandardService   : Stopping service [Tomcat]
11:24:44:768  INFO 4936 --- [main] ConditionEvaluationReportLoggingListener : 

Error starting ApplicationContext. To display the conditions report re-run your application with 'debug' enabled.
11:24:44:790 ERROR 4936 --- [main] o.s.boot.SpringApplication               : Application run failed

org.springframework.context.ApplicationContextException: Failed to start bean 'documentationPluginsBootstrapper'; nested exception is java.lang.NullPointerException: Cannot invoke "org.springframework.web.servlet.mvc.condition.PatternsRequestCondition.getPatterns()" because "this.condition" is null
	at org.springframework.context.support.DefaultLifecycleProcessor.doStart(DefaultLifecycleProcessor.java:182) ~[spring-context-5.3.31.jar:5.3.31]
	at org.springframework.context.support.DefaultLifecycleProcessor.access$200(DefaultLifecycleProcessor.java:54) ~[spring-context-5.3.31.jar:5.3.31]
	at org.springframework.context.support.DefaultLifecycleProcessor$LifecycleGroup.start(DefaultLifecycleProcessor.java:357) ~[spring-context-5.3.31.jar:5.3.31]
	at java.base/java.lang.Iterable.forEach(Iterable.java:75) ~[na:na]
	at org.springframework.context.support.DefaultLifecycleProcessor.startBeans(DefaultLifecycleProcessor.java:156) ~[spring-context-5.3.31.jar:5.3.31]
	at org.springframework.context.support.DefaultLifecycleProcessor.onRefresh(DefaultLifecycleProcessor.java:124) ~[spring-context-5.3.31.jar:5.3.31]
	at org.springframework.context.support.AbstractApplicationContext.finishRefresh(AbstractApplicationContext.java:946) ~[spring-context-5.3.31.jar:5.3.31]
	at org.springframework.context.support.AbstractApplicationContext.refresh(AbstractApplicationContext.java:594) ~[spring-context-5.3.31.jar:5.3.31]
	at org.springframework.boot.web.servlet.context.ServletWebServerApplicationContext.refresh(ServletWebServerApplicationContext.java:147) ~[spring-boot-2.7.18.jar:2.7.18]
	at org.springframework.boot.SpringApplication.refresh(SpringApplication.java:732) ~[spring-boot-2.7.18.jar:2.7.18]
	at org.springframework.boot.SpringApplication.refreshContext(SpringApplication.java:409) ~[spring-boot-2.7.18.jar:2.7.18]
	at org.springframework.boot.SpringApplication.run(SpringApplication.java:308) ~[spring-boot-2.7.18.jar:2.7.18]
	at org.springframework.boot.SpringApplication.run(SpringApplication.java:1300) ~[spring-boot-2.7.18.jar:2.7.18]
	at org.springframework.boot.SpringApplication.run(SpringApplication.java:1289) ~[spring-boot-2.7.18.jar:2.7.18]
	at com.moncoder.lingo.user.LingoUserApplication.main(LingoUserApplication.java:10) ~[classes/:na]
Caused by: java.lang.NullPointerException: Cannot invoke "org.springframework.web.servlet.mvc.condition.PatternsRequestCondition.getPatterns()" because "this.condition" is null
	at springfox.documentation.spring.web.WebMvcPatternsRequestConditionWrapper.getPatterns(WebMvcPatternsRequestConditionWrapper.java:56) ~[springfox-spring-webmvc-2.10.5.jar:null]
	at springfox.documentation.RequestHandler.sortedPaths(RequestHandler.java:112) ~[springfox-core-2.10.5.jar:null]
	at springfox.documentation.spi.service.contexts.Orderings.lambda$byPatternsCondition$3(Orderings.java:89) ~[springfox-spi-2.10.5.jar:null]
	at java.base/java.util.Comparator.lambda$comparing$77a9974f$1(Comparator.java:473) ~[na:na]
	at java.base/java.util.TimSort.countRunAndMakeAscending(TimSort.java:355) ~[na:na]
	at java.base/java.util.TimSort.sort(TimSort.java:220) ~[na:na]
	at java.base/java.util.Arrays.sort(Arrays.java:1307) ~[na:na]
	at java.base/java.util.ArrayList.sort(ArrayList.java:1721) ~[na:na]
	at java.base/java.util.stream.SortedOps$RefSortingSink.end(SortedOps.java:392) ~[na:na]
	at java.base/java.util.stream.Sink$ChainedReference.end(Sink.java:258) ~[na:na]
	at java.base/java.util.stream.Sink$ChainedReference.end(Sink.java:258) ~[na:na]
	at java.base/java.util.stream.Sink$ChainedReference.end(Sink.java:258) ~[na:na]
	at java.base/java.util.stream.Sink$ChainedReference.end(Sink.java:258) ~[na:na]
	at java.base/java.util.stream.AbstractPipeline.copyInto(AbstractPipeline.java:510) ~[na:na]
	at java.base/java.util.stream.AbstractPipeline.wrapAndCopyInto(AbstractPipeline.java:499) ~[na:na]
	at java.base/java.util.stream.ReduceOps$ReduceOp.evaluateSequential(ReduceOps.java:921) ~[na:na]
	at java.base/java.util.stream.AbstractPipeline.evaluate(AbstractPipeline.java:234) ~[na:na]
	at java.base/java.util.stream.ReferencePipeline.collect(ReferencePipeline.java:682) ~[na:na]
	at springfox.documentation.spring.web.plugins.WebMvcRequestHandlerProvider.requestHandlers(WebMvcRequestHandlerProvider.java:76) ~[springfox-spring-webmvc-2.10.5.jar:null]
	at java.base/java.util.stream.ReferencePipeline$3$1.accept(ReferencePipeline.java:197) ~[na:na]
	at java.base/java.util.ArrayList$ArrayListSpliterator.forEachRemaining(ArrayList.java:1625) ~[na:na]
	at java.base/java.util.stream.AbstractPipeline.copyInto(AbstractPipeline.java:509) ~[na:na]
	at java.base/java.util.stream.AbstractPipeline.wrapAndCopyInto(AbstractPipeline.java:499) ~[na:na]
	at java.base/java.util.stream.ReduceOps$ReduceOp.evaluateSequential(ReduceOps.java:921) ~[na:na]
	at java.base/java.util.stream.AbstractPipeline.evaluate(AbstractPipeline.java:234) ~[na:na]
	at java.base/java.util.stream.ReferencePipeline.collect(ReferencePipeline.java:682) ~[na:na]
	at springfox.documentation.spring.web.plugins.AbstractDocumentationPluginsBootstrapper.defaultContextBuilder(AbstractDocumentationPluginsBootstrapper.java:108) ~[springfox-spring-web-2.10.5.jar:null]
	at springfox.documentation.spring.web.plugins.AbstractDocumentationPluginsBootstrapper.buildContext(AbstractDocumentationPluginsBootstrapper.java:92) ~[springfox-spring-web-2.10.5.jar:null]
	at springfox.documentation.spring.web.plugins.AbstractDocumentationPluginsBootstrapper.bootstrapDocumentationPlugins(AbstractDocumentationPluginsBootstrapper.java:83) ~[springfox-spring-web-2.10.5.jar:null]
	at springfox.documentation.spring.web.plugins.DocumentationPluginsBootstrapper.start(DocumentationPluginsBootstrapper.java:94) ~[springfox-spring-web-2.10.5.jar:null]
	at org.springframework.context.support.DefaultLifecycleProcessor.doStart(DefaultLifecycleProcessor.java:179) ~[spring-context-5.3.31.jar:5.3.31]
	... 14 common frames omitted

11:24:45:741  WARN 4936 --- [Thread-5] c.a.nacos.common.notify.NotifyCenter     : [NotifyCenter] Start destroying Publisher
11:24:45:741  WARN 4936 --- [Thread-1] c.a.n.common.http.HttpClientBeanHolder   : [HttpClientBeanHolder] Start destroying common HttpClient
11:24:45:741  WARN 4936 --- [Thread-5] c.a.nacos.common.notify.NotifyCenter     : [NotifyCenter] Destruction of the end
